<?xml version="1.0" encoding="UTF-8"?>
<testsuite xmlns:xsi="http://www.w3.org/2001/XMLSchema-instance" xsi:noNamespaceSchemaLocation="https://maven.apache.org/surefire/maven-surefire-plugin/xsd/surefire-test-report.xsd" version="3.0.2" name="com.cg.DoctorServiceHospitalManagementApplicationTests" time="41.135" tests="1" errors="0" skipped="0" failures="0">
  <properties>
[...]
</properties>
  <testcase name="contextLoads" classname="com.cg.DoctorServiceHospitalManagementApplicationTests" time="2.567">
    <system-out><![CDATA[10:25:36.960 [main] INFO org.springframework.test.context.support.AnnotationConfigContextLoaderUtils -- Could not detect default configuration classes for test class [com.cg.DoctorServiceHospitalManagementApplicationTests]: DoctorServiceHospitalManagementApplicationTests does not declare any static, non-private, non-final, nested classes annotated with @Configuration.
10:25:37.468 [main] INFO org.springframework.boot.test.context.SpringBootTestContextBootstrapper -- Found @SpringBootConfiguration com.cg.Application for test class com.cg.DoctorServiceHospitalManagementApplicationTests
10:25:38.965 [main] INFO org.springframework.boot.devtools.restart.RestartApplicationListener -- Restart disabled due to context in which it is running

  .   ____          _            __ _ _
 /\\ / ___'_ __ _ _(_)_ __  __ _ \ \ \ \
( ( )\___ | '_ | '_| | '_ \/ _` | \ \ \ \
 \\/  ___)| |_)| | | | | || (_| |  ) ) ) )
  '  |____| .__|_| |_|_| |_\__, | / / / /
 =========|_|==============|___/=/_/_/_/

 :: Spring Boot ::                (v3.4.0)

2024-12-12T10:25:40.722+05:30  INFO 38272 --- [           main] [                                                 ] erviceHospitalManagementApplicationTests : Starting DoctorServiceHospitalManagementApplicationTests using Java 17.0.13 with PID 38272 (started by kanisand in C:\Users\KANISAND\SampleProject-Hospital\AppointmentService-HospitalManagement)
2024-12-12T10:25:40.729+05:30  INFO 38272 --- [           main] [                                                 ] erviceHospitalManagementApplicationTests : No active profile set, falling back to 1 default profile: "default"
2024-12-12T10:25:45.393+05:30  INFO 38272 --- [           main] [                                                 ] .s.d.r.c.RepositoryConfigurationDelegate : Bootstrapping Spring Data JPA repositories in DEFAULT mode.
2024-12-12T10:25:45.857+05:30  INFO 38272 --- [           main] [                                                 ] .s.d.r.c.RepositoryConfigurationDelegate : Finished Spring Data repository scanning in 420 ms. Found 1 JPA repository interface.
2024-12-12T10:25:47.594+05:30  INFO 38272 --- [           main] [                                                 ] o.s.cloud.context.scope.GenericScope     : BeanFactory id=cb641dfe-687b-3ff1-a0ed-a67894aa8c68
2024-12-12T10:25:48.260+05:30  WARN 38272 --- [           main] [                                                 ] trationDelegate$BeanPostProcessorChecker : Bean 'org.springframework.ws.config.annotation.DelegatingWsConfiguration' of type [org.springframework.ws.config.annotation.DelegatingWsConfiguration$$SpringCGLIB$$0] is not eligible for getting processed by all BeanPostProcessors (for example: not eligible for auto-proxying). The currently created BeanPostProcessor [annotationActionEndpointMapping] is declared through a non-static factory method on that class; consider declaring it as static instead.
2024-12-12T10:25:48.440+05:30  INFO 38272 --- [           main] [                                                 ] .w.s.a.s.AnnotationActionEndpointMapping : Supporting [WS-Addressing August 2004, WS-Addressing 1.0]
2024-12-12T10:25:50.647+05:30  INFO 38272 --- [           main] [                                                 ] o.hibernate.jpa.internal.util.LogHelper  : HHH000204: Processing PersistenceUnitInfo [name: default]
2024-12-12T10:25:50.965+05:30  INFO 38272 --- [           main] [                                                 ] org.hibernate.Version                    : HHH000412: Hibernate ORM core version 6.6.2.Final
2024-12-12T10:25:51.121+05:30  INFO 38272 --- [           main] [                                                 ] o.h.c.internal.RegionFactoryInitiator    : HHH000026: Second-level cache disabled
2024-12-12T10:25:52.421+05:30  INFO 38272 --- [           main] [                                                 ] o.s.o.j.p.SpringPersistenceUnitInfo      : No LoadTimeWeaver setup: ignoring JPA class transformer
2024-12-12T10:25:52.571+05:30  INFO 38272 --- [           main] [                                                 ] com.zaxxer.hikari.HikariDataSource       : HikariPool-1 - Starting...
2024-12-12T10:25:53.205+05:30  INFO 38272 --- [           main] [                                                 ] com.zaxxer.hikari.pool.HikariPool        : HikariPool-1 - Added connection org.postgresql.jdbc.PgConnection@23cfdfa2
2024-12-12T10:25:53.211+05:30  INFO 38272 --- [           main] [                                                 ] com.zaxxer.hikari.HikariDataSource       : HikariPool-1 - Start completed.
2024-12-12T10:25:53.337+05:30  WARN 38272 --- [           main] [                                                 ] org.hibernate.orm.deprecation            : HHH90000025: PostgreSQLDialect does not need to be specified explicitly using 'hibernate.dialect' (remove the property setting and it will be selected by default)
2024-12-12T10:25:53.431+05:30  INFO 38272 --- [           main] [                                                 ] org.hibernate.orm.connections.pooling    : HHH10001005: Database info:
	Database JDBC URL [Connecting through datasource 'HikariDataSource (HikariPool-1)']
	Database driver: undefined/unknown
	Database version: 15.3
	Autocommit mode: undefined/unknown
	Isolation level: undefined/unknown
	Minimum pool size: undefined/unknown
	Maximum pool size: undefined/unknown
2024-12-12T10:25:56.850+05:30  INFO 38272 --- [           main] [                                                 ] o.h.e.t.j.p.i.JtaPlatformInitiator       : HHH000489: No JTA platform available (set 'hibernate.transaction.jta.platform' to enable JTA platform integration)
2024-12-12T10:25:57.110+05:30  INFO 38272 --- [           main] [                                                 ] j.LocalContainerEntityManagerFactoryBean : Initialized JPA EntityManagerFactory for persistence unit 'default'
2024-12-12T10:26:00.196+05:30  WARN 38272 --- [           main] [                                                 ] JpaBaseConfiguration$JpaWebConfiguration : spring.jpa.open-in-view is enabled by default. Therefore, database queries may be performed during view rendering. Explicitly configure spring.jpa.open-in-view to disable this warning
2024-12-12T10:26:12.672+05:30  INFO 38272 --- [           main] [                                                 ] DiscoveryClientOptionalArgsConfiguration : Eureka HTTP Client uses RestClient.
2024-12-12T10:26:12.991+05:30  WARN 38272 --- [           main] [                                                 ] iguration$LoadBalancerCaffeineWarnLogger : Spring Cloud LoadBalancer is currently working with the default cache. While this cache implementation is useful for development and tests, it's recommended to use Caffeine cache in production.You can switch to using Caffeine cache, by adding it and org.springframework.cache.caffeine.CaffeineCacheManager to the classpath.
2024-12-12T10:26:13.105+05:30  INFO 38272 --- [           main] [                                                 ] o.s.b.a.e.web.EndpointLinksResolver      : Exposing 1 endpoint beneath base path '/actuator'
2024-12-12T10:26:13.439+05:30  INFO 38272 --- [           main] [                                                 ] o.s.c.n.eureka.InstanceInfoFactory       : Setting initial instance status as: STARTING
2024-12-12T10:26:13.582+05:30  INFO 38272 --- [           main] [                                                 ] com.netflix.discovery.DiscoveryClient    : Initializing Eureka in region us-east-1
2024-12-12T10:26:13.604+05:30  INFO 38272 --- [           main] [                                                 ] c.n.d.s.r.aws.ConfigClusterResolver      : Resolving eureka endpoints via configuration
2024-12-12T10:26:13.652+05:30  INFO 38272 --- [           main] [                                                 ] com.netflix.discovery.DiscoveryClient    : Disable delta property : false
2024-12-12T10:26:13.652+05:30  INFO 38272 --- [           main] [                                                 ] com.netflix.discovery.DiscoveryClient    : Single vip registry refresh property : null
2024-12-12T10:26:13.653+05:30  INFO 38272 --- [           main] [                                                 ] com.netflix.discovery.DiscoveryClient    : Force full registry fetch : false
2024-12-12T10:26:13.653+05:30  INFO 38272 --- [           main] [                                                 ] com.netflix.discovery.DiscoveryClient    : Application is null : false
2024-12-12T10:26:13.653+05:30  INFO 38272 --- [           main] [                                                 ] com.netflix.discovery.DiscoveryClient    : Registered Applications size is zero : true
2024-12-12T10:26:13.654+05:30  INFO 38272 --- [           main] [                                                 ] com.netflix.discovery.DiscoveryClient    : Application version is -1: true
2024-12-12T10:26:13.654+05:30  INFO 38272 --- [           main] [                                                 ] com.netflix.discovery.DiscoveryClient    : Getting all instance registry info from the eureka server
2024-12-12T10:26:14.488+05:30  INFO 38272 --- [           main] [                                                 ] com.netflix.discovery.DiscoveryClient    : The response status is 200
2024-12-12T10:26:14.495+05:30  INFO 38272 --- [           main] [                                                 ] com.netflix.discovery.DiscoveryClient    : Starting heartbeat executor: renew interval is: 30
2024-12-12T10:26:14.503+05:30  INFO 38272 --- [           main] [                                                 ] c.n.discovery.InstanceInfoReplicator     : InstanceInfoReplicator onDemand update allowed rate per min is 4
2024-12-12T10:26:14.512+05:30  INFO 38272 --- [           main] [                                                 ] com.netflix.discovery.DiscoveryClient    : Discovery Client initialized at timestamp 1733979374509 with initial instances count: 0
2024-12-12T10:26:14.549+05:30  INFO 38272 --- [           main] [                                                 ] o.s.c.n.e.s.EurekaServiceRegistry        : Registering application UNKNOWN with eureka with status UP
2024-12-12T10:26:14.552+05:30  INFO 38272 --- [           main] [                                                 ] com.netflix.discovery.DiscoveryClient    : Saw local status change event StatusChangeEvent [timestamp=1733979374552, current=UP, previous=STARTING]
2024-12-12T10:26:14.560+05:30  INFO 38272 --- [foReplicator-%d] [                                                 ] com.netflix.discovery.DiscoveryClient    : DiscoveryClient_UNKNOWN/LIN-5CG0215GXF.corp.capgemini.com:8802: registering service...
2024-12-12T10:26:14.652+05:30  INFO 38272 --- [           main] [                                                 ] erviceHospitalManagementApplicationTests : Started DoctorServiceHospitalManagementApplicationTests in 35.748 seconds (process running for 41.062)
2024-12-12T10:26:14.737+05:30  INFO 38272 --- [foReplicator-%d] [                                                 ] com.netflix.discovery.DiscoveryClient    : DiscoveryClient_UNKNOWN/LIN-5CG0215GXF.corp.capgemini.com:8802 - registration status: 204
]]></system-out>
  </testcase>
</testsuite>